<?xml version="1.0" encoding="UTF-8"?>
<testng-results skipped="0" failed="0" ignored="0" total="1" passed="1">
  <reporter-output>
  </reporter-output>
  <suite name="Default suite" duration-ms="7651" started-at="2021-07-28T07:38:49Z" finished-at="2021-07-28T07:38:56Z">
    <groups>
    </groups>
    <test name="Default test" duration-ms="7651" started-at="2021-07-28T07:38:49Z" finished-at="2021-07-28T07:38:56Z">
      <class name="E.E2E.BrowsersTest">
        <test-method status="PASS" signature="ChromeBrowser()[pri:0, instance:E.E2E.BrowsersTest@5b275dab]" name="ChromeBrowser" duration-ms="7608" started-at="2021-07-28T07:38:49Z" finished-at="2021-07-28T07:38:56Z">
          <reporter-output>
          </reporter-output>
        </test-method> <!-- ChromeBrowser -->
      </class> <!-- E.E2E.BrowsersTest -->
    </test> <!-- Default test -->
  </suite> <!-- Default suite -->
</testng-results>
